<?xml version="1.0" encoding="UTF-8"?>
<!-- Generated by org.testng.reporters.JUnitReportReporter -->
<testsuite hostname="Timmeshs-MacBook-Air.local" failures="0" tests="4" name="tnp.tutorialNingaProject.RegisterPage" time="13.441" errors="0" timestamp="2025-03-25T12:51:32 IST" skipped="0">
  <testcase classname="tnp.tutorialNingaProject.RegisterPage" name="verifyRegisterWithMandatoryFeilds" time="3.995"/>
  <testcase classname="tnp.tutorialNingaProject.RegisterPage" name="verifyRegisterWithAllFeilds" time="3.327"/>
  <testcase classname="tnp.tutorialNingaProject.RegisterPage" name="verifyRegisterWithExistingEmailAddress" time="3.314"/>
  <testcase classname="tnp.tutorialNingaProject.RegisterPage" name="verifyRegisterWithoutEnteringAnyData" time="2.805"/>
</testsuite> <!-- tnp.tutorialNingaProject.RegisterPage -->
