<?xml version="1.0" encoding="UTF-8"?>
<!-- Generated by org.testng.reporters.JUnitReportReporter -->
<testsuite hostname="Timmeshs-MacBook-Air.local" failures="0" tests="3" name="tnp.tutorialNingaProject.SearchPage" time="7.457" errors="0" timestamp="2025-03-25T12:51:32 IST" skipped="0">
  <testcase classname="tnp.tutorialNingaProject.SearchPage" name="searchWithValidProduct" time="2.532"/>
  <testcase classname="tnp.tutorialNingaProject.SearchPage" name="searchWithInValidProduct" time="2.551"/>
  <testcase classname="tnp.tutorialNingaProject.SearchPage" name="searchWithoutProduct" time="2.374"/>
</testsuite> <!-- tnp.tutorialNingaProject.SearchPage -->
